#
# There is insufficient memory for the Java Runtime Environment to continue.
# Native memory allocation (malloc) failed to allocate 1750416 bytes for Chunk::new
# Possible reasons:
#   The system is out of physical RAM or swap space
#   The process is running with CompressedOops enabled, and the Java Heap may be blocking the growth of the native heap
# Possible solutions:
#   Reduce memory load on the system
#   Increase physical memory or swap space
#   Check if swap backing store is full
#   Decrease Java heap size (-Xmx/-Xms)
#   Decrease number of Java threads
#   Decrease Java thread stack sizes (-Xss)
#   Set larger code cache with -XX:ReservedCodeCacheSize=
#   JVM is running with Unscaled Compressed Oops mode in which the Java heap is
#     placed in the first 4GB address space. The Java Heap base address is the
#     maximum limit for the native heap growth. Please use -XX:HeapBaseMinAddress
#     to set the Java Heap base and to place the Java Heap above 4GB virtual address.
# This output file may be truncated or incomplete.
#
#  Out of Memory Error (arena.cpp:189), pid=26672, tid=5188
#
# JRE version: OpenJDK Runtime Environment (17.0.2+8) (build 17.0.2+8-86)
# Java VM: OpenJDK 64-Bit Server VM (17.0.2+8-86, mixed mode, sharing, tiered, compressed oops, compressed class ptrs, g1 gc, windows-amd64)
# No core dump will be written. Minidumps are not enabled by default on client versions of Windows
#

---------------  S U M M A R Y ------------

Command Line: --enable-native-access=ALL-UNNAMED -Dclassworlds.conf=C:\Program Files\apache-maven-3.9.12-bin\apache-maven-3.9.12\bin\m2.conf -Dmaven.home=C:\Program Files\apache-maven-3.9.12-bin\apache-maven-3.9.12 -Dlibrary.jansi.path=C:\Program Files\apache-maven-3.9.12-bin\apache-maven-3.9.12\lib\jansi-native -Dmaven.multiModuleProjectDirectory=C:\Users\ABC\Desktop\LIDA\Spring\backend org.codehaus.plexus.classworlds.launcher.Launcher clean install

Host: AMD Ryzen 7 3700U with Radeon Vega Mobile Gfx  , 8 cores, 5G,  Windows 11 , 64 bit Build 26100 (10.0.26100.7705)
Time: Mon Mar  2 11:43:41 2026 Afr. centrale Ouest elapsed time: 13.072861 seconds (0d 0h 0m 13s)

---------------  T H R E A D  ---------------

Current thread (0x00000286d2d68600):  JavaThread "C2 CompilerThread0" daemon [_thread_in_native, id=5188, stack(0x000000ca64b00000,0x000000ca64c00000)]


Current CompileTask:
C2:  13072 6037   !   4       jdk.internal.loader.BuiltinClassLoader::loadClassOrNull (143 bytes)

Stack: [0x000000ca64b00000,0x000000ca64c00000]
Native frames: (J=compiled Java code, j=interpreted, Vv=VM code, C=native code)
V  [jvm.dll+0x670baa]
V  [jvm.dll+0x7cfcb4]
V  [jvm.dll+0x7d145e]
V  [jvm.dll+0x7d1ac3]
V  [jvm.dll+0x242bc5]
V  [jvm.dll+0xaa57b]
V  [jvm.dll+0xaab0c]
V  [jvm.dll+0x35fcb2]
V  [jvm.dll+0x32a331]
V  [jvm.dll+0x3297da]
V  [jvm.dll+0x215c91]
V  [jvm.dll+0x2150b1]
V  [jvm.dll+0x1a1bbd]
V  [jvm.dll+0x224908]
V  [jvm.dll+0x222a6c]
V  [jvm.dll+0x7859bb]
V  [jvm.dll+0x77ff7a]
V  [jvm.dll+0x66fa35]
C  [ucrtbase.dll+0x37b0]
C  [KERNEL32.DLL+0x2e8d7]
C  [ntdll.dll+0x8c40c]


---------------  P R O C E S S  ---------------

Threads class SMR info:
_java_thread_list=0x00000286d4d093e0, length=14, elements={
0x00000286b5fc13e0, 0x00000286d2d41640, 0x00000286d2d42100, 0x00000286d2d5cf00,
0x00000286d2d5d7c0, 0x00000286d2d5e080, 0x00000286d2d5e940, 0x00000286d2d68600,
0x00000286d2d7c4c0, 0x00000286d2d7edd0, 0x00000286d38a9720, 0x00000286d38d7c60,
0x00000286d4941050, 0x00000286d46de960
}

Java Threads: ( => current thread )
  0x00000286b5fc13e0 JavaThread "main" [_thread_in_Java, id=10284, stack(0x000000ca63e00000,0x000000ca63f00000)]
  0x00000286d2d41640 JavaThread "Reference Handler" daemon [_thread_blocked, id=8200, stack(0x000000ca64500000,0x000000ca64600000)]
  0x00000286d2d42100 JavaThread "Finalizer" daemon [_thread_blocked, id=25824, stack(0x000000ca64600000,0x000000ca64700000)]
  0x00000286d2d5cf00 JavaThread "Signal Dispatcher" daemon [_thread_blocked, id=26628, stack(0x000000ca64700000,0x000000ca64800000)]
  0x00000286d2d5d7c0 JavaThread "Attach Listener" daemon [_thread_blocked, id=2128, stack(0x000000ca64800000,0x000000ca64900000)]
  0x00000286d2d5e080 JavaThread "Service Thread" daemon [_thread_blocked, id=11564, stack(0x000000ca64900000,0x000000ca64a00000)]
  0x00000286d2d5e940 JavaThread "Monitor Deflation Thread" daemon [_thread_blocked, id=14584, stack(0x000000ca64a00000,0x000000ca64b00000)]
=>0x00000286d2d68600 JavaThread "C2 CompilerThread0" daemon [_thread_in_native, id=5188, stack(0x000000ca64b00000,0x000000ca64c00000)]
  0x00000286d2d7c4c0 JavaThread "C1 CompilerThread0" daemon [_thread_in_native, id=14204, stack(0x000000ca64c00000,0x000000ca64d00000)]
  0x00000286d2d7edd0 JavaThread "Sweeper thread" daemon [_thread_blocked, id=19420, stack(0x000000ca64d00000,0x000000ca64e00000)]
  0x00000286d38a9720 JavaThread "Notification Thread" daemon [_thread_blocked, id=24328, stack(0x000000ca64e00000,0x000000ca64f00000)]
  0x00000286d38d7c60 JavaThread "Common-Cleaner" daemon [_thread_blocked, id=3192, stack(0x000000ca65000000,0x000000ca65100000)]
  0x00000286d4941050 JavaThread "Thread-1" daemon [_thread_blocked, id=11436, stack(0x000000ca65a00000,0x000000ca65b00000)]
  0x00000286d46de960 JavaThread "C2 CompilerThread1" daemon [_thread_in_native, id=8000, stack(0x000000ca65100000,0x000000ca65200000)]

Other Threads:
  0x00000286d2d3bc90 VMThread "VM Thread" [stack: 0x000000ca64400000,0x000000ca64500000] [id=6564]
  0x00000286b6023610 WatcherThread [stack: 0x000000ca64f00000,0x000000ca65000000] [id=30188]
  0x00000286b5ff98c0 GCTaskThread "GC Thread#0" [stack: 0x000000ca63f00000,0x000000ca64000000] [id=3676]
  0x00000286d49a1a60 GCTaskThread "GC Thread#1" [stack: 0x000000ca65300000,0x000000ca65400000] [id=29972]
  0x00000286d3ed3060 GCTaskThread "GC Thread#2" [stack: 0x000000ca65400000,0x000000ca65500000] [id=13056]
  0x00000286d419c830 GCTaskThread "GC Thread#3" [stack: 0x000000ca65500000,0x000000ca65600000] [id=2996]
  0x00000286d41d0c90 GCTaskThread "GC Thread#4" [stack: 0x000000ca65600000,0x000000ca65700000] [id=30136]
  0x00000286d455fa80 GCTaskThread "GC Thread#5" [stack: 0x000000ca65700000,0x000000ca65800000] [id=28616]
  0x00000286d4560550 GCTaskThread "GC Thread#6" [stack: 0x000000ca65800000,0x000000ca65900000] [id=23360]
  0x00000286d487ad60 GCTaskThread "GC Thread#7" [stack: 0x000000ca65900000,0x000000ca65a00000] [id=27132]
  0x00000286b6006480 ConcurrentGCThread "G1 Main Marker" [stack: 0x000000ca64000000,0x000000ca64100000] [id=6912]
  0x00000286b6007b60 ConcurrentGCThread "G1 Conc#0" [stack: 0x000000ca64100000,0x000000ca64200000] [id=10544]
  0x00000286d48c4ef0 ConcurrentGCThread "G1 Conc#1" [stack: 0x000000ca65b00000,0x000000ca65c00000] [id=868]
  0x00000286b608a170 ConcurrentGCThread "G1 Refine#0" [stack: 0x000000ca64200000,0x000000ca64300000] [id=23524]
  0x00000286d3be86d0 ConcurrentGCThread "G1 Refine#1" [stack: 0x000000ca65c00000,0x000000ca65d00000] [id=10156]
  0x00000286d3c17490 ConcurrentGCThread "G1 Refine#2" [stack: 0x000000ca65d00000,0x000000ca65e00000] [id=6412]
  0x00000286b608b950 ConcurrentGCThread "G1 Service" [stack: 0x000000ca64300000,0x000000ca64400000] [id=17508]

Threads with active compile tasks:
C2 CompilerThread0    13111 6037   !   4       jdk.internal.loader.BuiltinClassLoader::loadClassOrNull (143 bytes)
C1 CompilerThread0    13111 6163       3       lombok.core.TypeResolver::typeRefToFullyQualifiedName (487 bytes)
C2 CompilerThread1    13111 6151 %     4       java.net.URI::quote @ 24 (214 bytes)

VM state: not at safepoint (normal execution)

VM Mutex/Monitor currently owned by a thread: None

Heap address: 0x00000000a1c00000, size: 1508 MB, Compressed Oops mode: 32-bit

CDS archive(s) mapped at: [0x0000000800000000-0x0000000800bc0000-0x0000000800bc0000), size 12320768, SharedBaseAddress: 0x0000000800000000, ArchiveRelocationMode: 0.
Compressed class space mapped at: 0x0000000800c00000-0x0000000840c00000, reserved size: 1073741824
Narrow klass base: 0x0000000800000000, Narrow klass shift: 0, Narrow klass range: 0x100000000

GC Precious Log:
 CPUs: 8 total, 8 available
 Memory: 6029M
 Large Page Support: Disabled
 NUMA Support: Disabled
 Compressed Oops: Enabled (32-bit)
 Heap Region Size: 1M
 Heap Min Capacity: 8M
 Heap Initial Capacity: 96M
 Heap Max Capacity: 1508M
 Pre-touch: Disabled
 Parallel Workers: 8
 Concurrent Workers: 2
 Concurrent Refinement Workers: 8
 Periodic GC: Disabled

Heap:
 garbage-first heap   total 204800K, used 39793K [0x00000000a1c00000, 0x0000000100000000)
  region size 1024K, 2 young (2048K), 1 survivors (1024K)
 Metaspace       used 28166K, committed 28480K, reserved 1081344K
  class space    used 3262K, committed 3392K, reserved 1048576K

Heap Regions: E=young(eden), S=young(survivor), O=old, HS=humongous(starts), HC=humongous(continues), CS=collection set, F=free, OA=open archive, CA=closed archive, TAMS=top-at-mark-start (previous, next)
|   0|0x00000000a1c00000, 0x00000000a1d00000, 0x00000000a1d00000|100%| O|  |TAMS 0x00000000a1d00000, 0x00000000a1c00000| Untracked 
|   1|0x00000000a1d00000, 0x00000000a1e00000, 0x00000000a1e00000|100%| O|  |TAMS 0x00000000a1e00000, 0x00000000a1d00000| Untracked 
|   2|0x00000000a1e00000, 0x00000000a1f00000, 0x00000000a1f00000|100%| O|  |TAMS 0x00000000a1f00000, 0x00000000a1e00000| Untracked 
|   3|0x00000000a1f00000, 0x00000000a2000000, 0x00000000a2000000|100%| O|  |TAMS 0x00000000a1f00000, 0x00000000a1f00000| Untracked 
|   4|0x00000000a2000000, 0x00000000a2100000, 0x00000000a2100000|100%| O|  |TAMS 0x00000000a2100000, 0x00000000a2000000| Untracked 
|   5|0x00000000a2100000, 0x00000000a2200000, 0x00000000a2200000|100%| O|  |TAMS 0x00000000a2200000, 0x00000000a2100000| Untracked 
|   6|0x00000000a2200000, 0x00000000a2300000, 0x00000000a2300000|100%| O|  |TAMS 0x00000000a2300000, 0x00000000a2200000| Untracked 
|   7|0x00000000a2300000, 0x00000000a2400000, 0x00000000a2400000|100%| O|  |TAMS 0x00000000a2400000, 0x00000000a2300000| Untracked 
|   8|0x00000000a2400000, 0x00000000a2500000, 0x00000000a2500000|100%| O|  |TAMS 0x00000000a2500000, 0x00000000a2400000| Untracked 
|   9|0x00000000a2500000, 0x00000000a2600000, 0x00000000a2600000|100%| O|  |TAMS 0x00000000a2600000, 0x00000000a2500000| Untracked 
|  10|0x00000000a2600000, 0x00000000a2700000, 0x00000000a2700000|100%| O|  |TAMS 0x00000000a2700000, 0x00000000a2600000| Untracked 
|  11|0x00000000a2700000, 0x00000000a2800000, 0x00000000a2800000|100%| O|  |TAMS 0x00000000a27ab800, 0x00000000a2700000| Untracked 
|  12|0x00000000a2800000, 0x00000000a2900000, 0x00000000a2900000|100%|HS|  |TAMS 0x00000000a2800000, 0x00000000a2800000| Complete 
|  13|0x00000000a2900000, 0x00000000a2a00000, 0x00000000a2a00000|100%|HS|  |TAMS 0x00000000a2a00000, 0x00000000a2900000| Complete 
|  14|0x00000000a2a00000, 0x00000000a2b00000, 0x00000000a2b00000|100%|HC|  |TAMS 0x00000000a2b00000, 0x00000000a2a00000| Complete 
|  15|0x00000000a2b00000, 0x00000000a2c00000, 0x00000000a2c00000|100%|HS|  |TAMS 0x00000000a2c00000, 0x00000000a2b00000| Complete 
|  16|0x00000000a2c00000, 0x00000000a2d00000, 0x00000000a2d00000|100%|HC|  |TAMS 0x00000000a2d00000, 0x00000000a2c00000| Complete 
|  17|0x00000000a2d00000, 0x00000000a2e00000, 0x00000000a2e00000|100%| O|  |TAMS 0x00000000a2d00000, 0x00000000a2d00000| Untracked 
|  18|0x00000000a2e00000, 0x00000000a2f00000, 0x00000000a2f00000|100%| O|  |TAMS 0x00000000a2e00000, 0x00000000a2e00000| Untracked 
|  19|0x00000000a2f00000, 0x00000000a3000000, 0x00000000a3000000|100%| O|  |TAMS 0x00000000a2f00000, 0x00000000a2f00000| Untracked 
|  20|0x00000000a3000000, 0x00000000a3100000, 0x00000000a3100000|100%| O|  |TAMS 0x00000000a3000000, 0x00000000a3000000| Untracked 
|  21|0x00000000a3100000, 0x00000000a3200000, 0x00000000a3200000|100%| O|  |TAMS 0x00000000a3100000, 0x00000000a3100000| Untracked 
|  22|0x00000000a3200000, 0x00000000a3300000, 0x00000000a3300000|100%| O|  |TAMS 0x00000000a3200000, 0x00000000a3200000| Untracked 
|  23|0x00000000a3300000, 0x00000000a3400000, 0x00000000a3400000|100%| O|  |TAMS 0x00000000a3300000, 0x00000000a3300000| Untracked 
|  24|0x00000000a3400000, 0x00000000a3500000, 0x00000000a3500000|100%| O|  |TAMS 0x00000000a3400000, 0x00000000a3400000| Untracked 
|  25|0x00000000a3500000, 0x00000000a3600000, 0x00000000a3600000|100%| O|  |TAMS 0x00000000a3500000, 0x00000000a3500000| Untracked 
|  26|0x00000000a3600000, 0x00000000a3700000, 0x00000000a3700000|100%| O|  |TAMS 0x00000000a3600000, 0x00000000a3600000| Untracked 
|  27|0x00000000a3700000, 0x00000000a3789800, 0x00000000a3800000| 53%| O|  |TAMS 0x00000000a3700000, 0x00000000a3700000| Untracked 
|  28|0x00000000a3800000, 0x00000000a3800000, 0x00000000a3900000|  0%| F|  |TAMS 0x00000000a3800000, 0x00000000a3800000| Untracked 
|  29|0x00000000a3900000, 0x00000000a3900000, 0x00000000a3a00000|  0%| F|  |TAMS 0x00000000a3900000, 0x00000000a3900000| Untracked 
|  30|0x00000000a3a00000, 0x00000000a3a00000, 0x00000000a3b00000|  0%| F|  |TAMS 0x00000000a3a00000, 0x00000000a3a00000| Untracked 
|  31|0x00000000a3b00000, 0x00000000a3b00000, 0x00000000a3c00000|  0%| F|  |TAMS 0x00000000a3b00000, 0x00000000a3b00000| Untracked 
|  32|0x00000000a3c00000, 0x00000000a3d00000, 0x00000000a3d00000|100%| O|  |TAMS 0x00000000a3c00000, 0x00000000a3c00000| Untracked 
|  33|0x00000000a3d00000, 0x00000000a3e00000, 0x00000000a3e00000|100%| O|  |TAMS 0x00000000a3d00000, 0x00000000a3d00000| Untracked 
|  34|0x00000000a3e00000, 0x00000000a3f00000, 0x00000000a3f00000|100%| O|  |TAMS 0x00000000a3e00000, 0x00000000a3e00000| Untracked 
|  35|0x00000000a3f00000, 0x00000000a4000000, 0x00000000a4000000|100%| O|  |TAMS 0x00000000a3f00000, 0x00000000a3f00000| Untracked 
|  36|0x00000000a4000000, 0x00000000a4100000, 0x00000000a4100000|100%| O|  |TAMS 0x00000000a4000000, 0x00000000a4000000| Untracked 
|  37|0x00000000a4100000, 0x00000000a4200000, 0x00000000a4200000|100%| O|  |TAMS 0x00000000a4100000, 0x00000000a4100000| Untracked 
|  38|0x00000000a4200000, 0x00000000a4300000, 0x00000000a4300000|100%| O|  |TAMS 0x00000000a4200000, 0x00000000a4200000| Untracked 
|  39|0x00000000a4300000, 0x00000000a4300000, 0x00000000a4400000|  0%| F|  |TAMS 0x00000000a4300000, 0x00000000a4300000| Untracked 
|  40|0x00000000a4400000, 0x00000000a4400000, 0x00000000a4500000|  0%| F|  |TAMS 0x00000000a4400000, 0x00000000a4400000| Untracked 
|  41|0x00000000a4500000, 0x00000000a4500000, 0x00000000a4600000|  0%| F|  |TAMS 0x00000000a4500000, 0x00000000a4500000| Untracked 
|  42|0x00000000a4600000, 0x00000000a4600000, 0x00000000a4700000|  0%| F|  |TAMS 0x00000000a4600000, 0x00000000a4600000| Untracked 
|  43|0x00000000a4700000, 0x00000000a4700000, 0x00000000a4800000|  0%| F|  |TAMS 0x00000000a4700000, 0x00000000a4700000| Untracked 
|  44|0x00000000a4800000, 0x00000000a4800000, 0x00000000a4900000|  0%| F|  |TAMS 0x00000000a4800000, 0x00000000a4800000| Untracked 
|  45|0x00000000a4900000, 0x00000000a4900000, 0x00000000a4a00000|  0%| F|  |TAMS 0x00000000a4900000, 0x00000000a4900000| Untracked 
|  46|0x00000000a4a00000, 0x00000000a4a00000, 0x00000000a4b00000|  0%| F|  |TAMS 0x00000000a4a00000, 0x00000000a4a00000| Untracked 
|  47|0x00000000a4b00000, 0x00000000a4b00000, 0x00000000a4c00000|  0%| F|  |TAMS 0x00000000a4b00000, 0x00000000a4b00000| Untracked 
|  48|0x00000000a4c00000, 0x00000000a4c00000, 0x00000000a4d00000|  0%| F|  |TAMS 0x00000000a4c00000, 0x00000000a4c00000| Untracked 
|  49|0x00000000a4d00000, 0x00000000a4d00000, 0x00000000a4e00000|  0%| F|  |TAMS 0x00000000a4d00000, 0x00000000a4d00000| Untracked 
|  50|0x00000000a4e00000, 0x00000000a4e00000, 0x00000000a4f00000|  0%| F|  |TAMS 0x00000000a4e00000, 0x00000000a4e00000| Untracked 
|  51|0x00000000a4f00000, 0x00000000a4f00000, 0x00000000a5000000|  0%| F|  |TAMS 0x00000000a4f00000, 0x00000000a4f00000| Untracked 
|  52|0x00000000a5000000, 0x00000000a5000000, 0x00000000a5100000|  0%| F|  |TAMS 0x00000000a5000000, 0x00000000a5000000| Untracked 
|  53|0x00000000a5100000, 0x00000000a5100000, 0x00000000a5200000|  0%| F|  |TAMS 0x00000000a5100000, 0x00000000a5100000| Untracked 
|  54|0x00000000a5200000, 0x00000000a5200000, 0x00000000a5300000|  0%| F|  |TAMS 0x00000000a5200000, 0x00000000a5200000| Untracked 
|  55|0x00000000a5300000, 0x00000000a5300000, 0x00000000a5400000|  0%| F|  |TAMS 0x00000000a5300000, 0x00000000a5300000| Untracked 
|  56|0x00000000a5400000, 0x00000000a5400000, 0x00000000a5500000|  0%| F|  |TAMS 0x00000000a5400000, 0x00000000a5400000| Untracked 
|  57|0x00000000a5500000, 0x00000000a5500000, 0x00000000a5600000|  0%| F|  |TAMS 0x00000000a5500000, 0x00000000a5500000| Untracked 
|  58|0x00000000a5600000, 0x00000000a5600000, 0x00000000a5700000|  0%| F|  |TAMS 0x00000000a5600000, 0x00000000a5600000| Untracked 
|  59|0x00000000a5700000, 0x00000000a5700000, 0x00000000a5800000|  0%| F|  |TAMS 0x00000000a5700000, 0x00000000a5700000| Untracked 
|  60|0x00000000a5800000, 0x00000000a5800000, 0x00000000a5900000|  0%| F|  |TAMS 0x00000000a5800000, 0x00000000a5800000| Untracked 
|  61|0x00000000a5900000, 0x00000000a5900000, 0x00000000a5a00000|  0%| F|  |TAMS 0x00000000a5900000, 0x00000000a5900000| Untracked 
|  62|0x00000000a5a00000, 0x00000000a5a00000, 0x00000000a5b00000|  0%| F|  |TAMS 0x00000000a5a00000, 0x00000000a5a00000| Untracked 
|  63|0x00000000a5b00000, 0x00000000a5b00000, 0x00000000a5c00000|  0%| F|  |TAMS 0x00000000a5b00000, 0x00000000a5b00000| Untracked 
|  64|0x00000000a5c00000, 0x00000000a5c00000, 0x00000000a5d00000|  0%| F|  |TAMS 0x00000000a5c00000, 0x00000000a5c00000| Untracked 
|  65|0x00000000a5d00000, 0x00000000a5d00000, 0x00000000a5e00000|  0%| F|  |TAMS 0x00000000a5d00000, 0x00000000a5d00000| Untracked 
|  66|0x00000000a5e00000, 0x00000000a5e00000, 0x00000000a5f00000|  0%| F|  |TAMS 0x00000000a5e00000, 0x00000000a5e00000| Untracked 
|  67|0x00000000a5f00000, 0x00000000a5f00000, 0x00000000a6000000|  0%| F|  |TAMS 0x00000000a5f00000, 0x00000000a5f00000| Untracked 
|  68|0x00000000a6000000, 0x00000000a6000000, 0x00000000a6100000|  0%| F|  |TAMS 0x00000000a6000000, 0x00000000a6000000| Untracked 
|  69|0x00000000a6100000, 0x00000000a6100000, 0x00000000a6200000|  0%| F|  |TAMS 0x00000000a6100000, 0x00000000a6100000| Untracked 
|  70|0x00000000a6200000, 0x00000000a6200000, 0x00000000a6300000|  0%| F|  |TAMS 0x00000000a6200000, 0x00000000a6200000| Untracked 
|  71|0x00000000a6300000, 0x00000000a6300000, 0x00000000a6400000|  0%| F|  |TAMS 0x00000000a6300000, 0x00000000a6300000| Untracked 
|  72|0x00000000a6400000, 0x00000000a6400000, 0x00000000a6500000|  0%| F|  |TAMS 0x00000000a6400000, 0x00000000a6400000| Untracked 
|  73|0x00000000a6500000, 0x00000000a6500000, 0x00000000a6600000|  0%| F|  |TAMS 0x00000000a6500000, 0x00000000a6500000| Untracked 
|  74|0x00000000a6600000, 0x00000000a6600000, 0x00000000a6700000|  0%| F|  |TAMS 0x00000000a6600000, 0x00000000a6600000| Untracked 
|  75|0x00000000a6700000, 0x00000000a6700000, 0x00000000a6800000|  0%| F|  |TAMS 0x00000000a6700000, 0x00000000a6700000| Untracked 
|  76|0x00000000a6800000, 0x00000000a6800000, 0x00000000a6900000|  0%| F|  |TAMS 0x00000000a6800000, 0x00000000a6800000| Untracked 
|  77|0x00000000a6900000, 0x00000000a6900000, 0x00000000a6a00000|  0%| F|  |TAMS 0x00000000a6900000, 0x00000000a6900000| Untracked 
|  78|0x00000000a6a00000, 0x00000000a6a00000, 0x00000000a6b00000|  0%| F|  |TAMS 0x00000000a6a00000, 0x00000000a6a00000| Untracked 
|  79|0x00000000a6b00000, 0x00000000a6b00000, 0x00000000a6c00000|  0%| F|  |TAMS 0x00000000a6b00000, 0x00000000a6b00000| Untracked 
|  80|0x00000000a6c00000, 0x00000000a6c00000, 0x00000000a6d00000|  0%| F|  |TAMS 0x00000000a6c00000, 0x00000000a6c00000| Untracked 
|  81|0x00000000a6d00000, 0x00000000a6d00000, 0x00000000a6e00000|  0%| F|  |TAMS 0x00000000a6d00000, 0x00000000a6d00000| Untracked 
|  82|0x00000000a6e00000, 0x00000000a6e00000, 0x00000000a6f00000|  0%| F|  |TAMS 0x00000000a6e00000, 0x00000000a6e00000| Untracked 
|  83|0x00000000a6f00000, 0x00000000a6f00000, 0x00000000a7000000|  0%| F|  |TAMS 0x00000000a6f00000, 0x00000000a6f00000| Untracked 
|  84|0x00000000a7000000, 0x00000000a7000000, 0x00000000a7100000|  0%| F|  |TAMS 0x00000000a7000000, 0x00000000a7000000| Untracked 
|  85|0x00000000a7100000, 0x00000000a7100000, 0x00000000a7200000|  0%| F|  |TAMS 0x00000000a7100000, 0x00000000a7100000| Untracked 
|  86|0x00000000a7200000, 0x00000000a7200000, 0x00000000a7300000|  0%| F|  |TAMS 0x00000000a7200000, 0x00000000a7200000| Untracked 
|  87|0x00000000a7300000, 0x00000000a7300000, 0x00000000a7400000|  0%| F|  |TAMS 0x00000000a7300000, 0x00000000a7300000| Untracked 
|  88|0x00000000a7400000, 0x00000000a7400000, 0x00000000a7500000|  0%| F|  |TAMS 0x00000000a7400000, 0x00000000a7400000| Untracked 
|  89|0x00000000a7500000, 0x00000000a7500000, 0x00000000a7600000|  0%| F|  |TAMS 0x00000000a7500000, 0x00000000a7500000| Untracked 
|  90|0x00000000a7600000, 0x00000000a7600000, 0x00000000a7700000|  0%| F|  |TAMS 0x00000000a7600000, 0x00000000a7600000| Untracked 
|  91|0x00000000a7700000, 0x00000000a7700000, 0x00000000a7800000|  0%| F|  |TAMS 0x00000000a7700000, 0x00000000a7700000| Untracked 
|  92|0x00000000a7800000, 0x00000000a7800000, 0x00000000a7900000|  0%| F|  |TAMS 0x00000000a7800000, 0x00000000a7800000| Untracked 
|  93|0x00000000a7900000, 0x00000000a7900000, 0x00000000a7a00000|  0%| F|  |TAMS 0x00000000a7900000, 0x00000000a7900000| Untracked 
|  94|0x00000000a7a00000, 0x00000000a7a00000, 0x00000000a7b00000|  0%| F|  |TAMS 0x00000000a7a00000, 0x00000000a7a00000| Untracked 
|  95|0x00000000a7b00000, 0x00000000a7b00000, 0x00000000a7c00000|  0%| F|  |TAMS 0x00000000a7b00000, 0x00000000a7b00000| Untracked 
|  96|0x00000000a7c00000, 0x00000000a7c00000, 0x00000000a7d00000|  0%| F|  |TAMS 0x00000000a7c00000, 0x00000000a7c00000| Untracked 
|  97|0x00000000a7d00000, 0x00000000a7d00000, 0x00000000a7e00000|  0%| F|  |TAMS 0x00000000a7d00000, 0x00000000a7d00000| Untracked 
|  98|0x00000000a7e00000, 0x00000000a7e00000, 0x00000000a7f00000|  0%| F|  |TAMS 0x00000000a7e00000, 0x00000000a7e00000| Untracked 
|  99|0x00000000a7f00000, 0x00000000a7f00000, 0x00000000a8000000|  0%| F|  |TAMS 0x00000000a7f00000, 0x00000000a7f00000| Untracked 
| 100|0x00000000a8000000, 0x00000000a8000000, 0x00000000a8100000|  0%| F|  |TAMS 0x00000000a8000000, 0x00000000a8000000| Untracked 
| 101|0x00000000a8100000, 0x00000000a8100000, 0x00000000a8200000|  0%| F|  |TAMS 0x00000000a8100000, 0x00000000a8100000| Untracked 
| 102|0x00000000a8200000, 0x00000000a8200000, 0x00000000a8300000|  0%| F|  |TAMS 0x00000000a8200000, 0x00000000a8200000| Untracked 
| 103|0x00000000a8300000, 0x00000000a8300000, 0x00000000a8400000|  0%| F|  |TAMS 0x00000000a8300000, 0x00000000a8300000| Untracked 
| 104|0x00000000a8400000, 0x00000000a8400000, 0x00000000a8500000|  0%| F|  |TAMS 0x00000000a8400000, 0x00000000a8400000| Untracked 
| 105|0x00000000a8500000, 0x00000000a8500000, 0x00000000a8600000|  0%| F|  |TAMS 0x00000000a8500000, 0x00000000a8500000| Untracked 
| 106|0x00000000a8600000, 0x00000000a8600000, 0x00000000a8700000|  0%| F|  |TAMS 0x00000000a8600000, 0x00000000a8600000| Untracked 
| 107|0x00000000a8700000, 0x00000000a8700000, 0x00000000a8800000|  0%| F|  |TAMS 0x00000000a8700000, 0x00000000a8700000| Untracked 
| 108|0x00000000a8800000, 0x00000000a8800000, 0x00000000a8900000|  0%| F|  |TAMS 0x00000000a8800000, 0x00000000a8800000| Untracked 
| 109|0x00000000a8900000, 0x00000000a8900000, 0x00000000a8a00000|  0%| F|  |TAMS 0x00000000a8900000, 0x00000000a8900000| Untracked 
| 110|0x00000000a8a00000, 0x00000000a8a00000, 0x00000000a8b00000|  0%| F|  |TAMS 0x00000000a8a00000, 0x00000000a8a00000| Untracked 
| 111|0x00000000a8b00000, 0x00000000a8b00000, 0x00000000a8c00000|  0%| F|  |TAMS 0x00000000a8b00000, 0x00000000a8b00000| Untracked 
| 112|0x00000000a8c00000, 0x00000000a8c00000, 0x00000000a8d00000|  0%| F|  |TAMS 0x00000000a8c00000, 0x00000000a8c00000| Untracked 
| 113|0x00000000a8d00000, 0x00000000a8d00000, 0x00000000a8e00000|  0%| F|  |TAMS 0x00000000a8d00000, 0x00000000a8d00000| Untracked 
| 114|0x00000000a8e00000, 0x00000000a8e00000, 0x00000000a8f00000|  0%| F|  |TAMS 0x00000000a8e00000, 0x00000000a8e00000| Untracked 
| 115|0x00000000a8f00000, 0x00000000a8f00000, 0x00000000a9000000|  0%| F|  |TAMS 0x00000000a8f00000, 0x00000000a8f00000| Untracked 
| 116|0x00000000a9000000, 0x00000000a9000000, 0x00000000a9100000|  0%| F|  |TAMS 0x00000000a9000000, 0x00000000a9000000| Untracked 
| 117|0x00000000a9100000, 0x00000000a9100000, 0x00000000a9200000|  0%| F|  |TAMS 0x00000000a9100000, 0x00000000a9100000| Untracked 
| 118|0x00000000a9200000, 0x00000000a9200000, 0x00000000a9300000|  0%| F|  |TAMS 0x00000000a9200000, 0x00000000a9200000| Untracked 
| 119|0x00000000a9300000, 0x00000000a9300000, 0x00000000a9400000|  0%| F|  |TAMS 0x00000000a9300000, 0x00000000a9300000| Untracked 
| 120|0x00000000a9400000, 0x00000000a9400000, 0x00000000a9500000|  0%| F|  |TAMS 0x00000000a9400000, 0x00000000a9400000| Untracked 
| 121|0x00000000a9500000, 0x00000000a9500000, 0x00000000a9600000|  0%| F|  |TAMS 0x00000000a9500000, 0x00000000a9500000| Untracked 
| 122|0x00000000a9600000, 0x00000000a9600000, 0x00000000a9700000|  0%| F|  |TAMS 0x00000000a9600000, 0x00000000a9600000| Untracked 
| 123|0x00000000a9700000, 0x00000000a9700000, 0x00000000a9800000|  0%| F|  |TAMS 0x00000000a9700000, 0x00000000a9700000| Untracked 
| 124|0x00000000a9800000, 0x00000000a9800000, 0x00000000a9900000|  0%| F|  |TAMS 0x00000000a9800000, 0x00000000a9800000| Untracked 
| 125|0x00000000a9900000, 0x00000000a9900000, 0x00000000a9a00000|  0%| F|  |TAMS 0x00000000a9900000, 0x00000000a9900000| Untracked 
| 126|0x00000000a9a00000, 0x00000000a9a00000, 0x00000000a9b00000|  0%| F|  |TAMS 0x00000000a9a00000, 0x00000000a9a00000| Untracked 
| 127|0x00000000a9b00000, 0x00000000a9b00000, 0x00000000a9c00000|  0%| F|  |TAMS 0x00000000a9b00000, 0x00000000a9b00000| Untracked 
| 128|0x00000000a9c00000, 0x00000000a9c00000, 0x00000000a9d00000|  0%| F|  |TAMS 0x00000000a9c00000, 0x00000000a9c00000| Untracked 
| 129|0x00000000a9d00000, 0x00000000a9d00000, 0x00000000a9e00000|  0%| F|  |TAMS 0x00000000a9d00000, 0x00000000a9d00000| Untracked 
| 130|0x00000000a9e00000, 0x00000000a9e00000, 0x00000000a9f00000|  0%| F|  |TAMS 0x00000000a9e00000, 0x00000000a9e00000| Untracked 
| 131|0x00000000a9f00000, 0x00000000a9f00000, 0x00000000aa000000|  0%| F|  |TAMS 0x00000000a9f00000, 0x00000000a9f00000| Untracked 
| 132|0x00000000aa000000, 0x00000000aa000000, 0x00000000aa100000|  0%| F|  |TAMS 0x00000000aa000000, 0x00000000aa000000| Untracked 
| 133|0x00000000aa100000, 0x00000000aa100000, 0x00000000aa200000|  0%| F|  |TAMS 0x00000000aa100000, 0x00000000aa100000| Untracked 
| 134|0x00000000aa200000, 0x00000000aa200000, 0x00000000aa300000|  0%| F|  |TAMS 0x00000000aa200000, 0x00000000aa200000| Untracked 
| 135|0x00000000aa300000, 0x00000000aa300000, 0x00000000aa400000|  0%| F|  |TAMS 0x00000000aa300000, 0x00000000aa300000| Untracked 
| 136|0x00000000aa400000, 0x00000000aa400000, 0x00000000aa500000|  0%| F|  |TAMS 0x00000000aa400000, 0x00000000aa400000| Untracked 
| 137|0x00000000aa500000, 0x00000000aa500000, 0x00000000aa600000|  0%| F|  |TAMS 0x00000000aa500000, 0x00000000aa500000| Untracked 
| 138|0x00000000aa600000, 0x00000000aa600000, 0x00000000aa700000|  0%| F|  |TAMS 0x00000000aa600000, 0x00000000aa600000| Untracked 
| 139|0x00000000aa700000, 0x00000000aa700000, 0x00000000aa800000|  0%| F|  |TAMS 0x00000000aa700000, 0x00000000aa700000| Untracked 
| 140|0x00000000aa800000, 0x00000000aa800000, 0x00000000aa900000|  0%| F|  |TAMS 0x00000000aa800000, 0x00000000aa800000| Untracked 
| 141|0x00000000aa900000, 0x00000000aa900000, 0x00000000aaa00000|  0%| F|  |TAMS 0x00000000aa900000, 0x00000000aa900000| Untracked 
| 142|0x00000000aaa00000, 0x00000000aaa00000, 0x00000000aab00000|  0%| F|  |TAMS 0x00000000aaa00000, 0x00000000aaa00000| Untracked 
| 143|0x00000000aab00000, 0x00000000aab00000, 0x00000000aac00000|  0%| F|  |TAMS 0x00000000aab00000, 0x00000000aab00000| Untracked 
| 144|0x00000000aac00000, 0x00000000aac00000, 0x00000000aad00000|  0%| F|  |TAMS 0x00000000aac00000, 0x00000000aac00000| Untracked 
| 145|0x00000000aad00000, 0x00000000aad00000, 0x00000000aae00000|  0%| F|  |TAMS 0x00000000aad00000, 0x00000000aad00000| Untracked 
| 146|0x00000000aae00000, 0x00000000aae00000, 0x00000000aaf00000|  0%| F|  |TAMS 0x00000000aae00000, 0x00000000aae00000| Untracked 
| 147|0x00000000aaf00000, 0x00000000aaf00000, 0x00000000ab000000|  0%| F|  |TAMS 0x00000000aaf00000, 0x00000000aaf00000| Untracked 
| 148|0x00000000ab000000, 0x00000000ab000000, 0x00000000ab100000|  0%| F|  |TAMS 0x00000000ab000000, 0x00000000ab000000| Untracked 
| 149|0x00000000ab100000, 0x00000000ab100000, 0x00000000ab200000|  0%| F|  |TAMS 0x00000000ab100000, 0x00000000ab100000| Untracked 
| 150|0x00000000ab200000, 0x00000000ab200000, 0x00000000ab300000|  0%| F|  |TAMS 0x00000000ab200000, 0x00000000ab200000| Untracked 
| 151|0x00000000ab300000, 0x00000000ab300000, 0x00000000ab400000|  0%| F|  |TAMS 0x00000000ab300000, 0x00000000ab300000| Untracked 
| 152|0x00000000ab400000, 0x00000000ab400000, 0x00000000ab500000|  0%| F|  |TAMS 0x00000000ab400000, 0x00000000ab400000| Untracked 
| 153|0x00000000ab500000, 0x00000000ab500000, 0x00000000ab600000|  0%| F|  |TAMS 0x00000000ab500000, 0x00000000ab500000| Untracked 
| 154|0x00000000ab600000, 0x00000000ab600000, 0x00000000ab700000|  0%| F|  |TAMS 0x00000000ab600000, 0x00000000ab600000| Untracked 
| 155|0x00000000ab700000, 0x00000000ab700000, 0x00000000ab800000|  0%| F|  |TAMS 0x00000000ab700000, 0x00000000ab700000| Untracked 
| 156|0x00000000ab800000, 0x00000000ab800000, 0x00000000ab900000|  0%| F|  |TAMS 0x00000000ab800000, 0x00000000ab800000| Untracked 
| 157|0x00000000ab900000, 0x00000000ab900000, 0x00000000aba00000|  0%| F|  |TAMS 0x00000000ab900000, 0x00000000ab900000| Untracked 
| 158|0x00000000aba00000, 0x00000000aba00000, 0x00000000abb00000|  0%| F|  |TAMS 0x00000000aba00000, 0x00000000aba00000| Untracked 
| 159|0x00000000abb00000, 0x00000000abb00000, 0x00000000abc00000|  0%| F|  |TAMS 0x00000000abb00000, 0x00000000abb00000| Untracked 
| 160|0x00000000abc00000, 0x00000000abc00000, 0x00000000abd00000|  0%| F|  |TAMS 0x00000000abc00000, 0x00000000abc00000| Untracked 
| 161|0x00000000abd00000, 0x00000000abd00000, 0x00000000abe00000|  0%| F|  |TAMS 0x00000000abd00000, 0x00000000abd00000| Untracked 
| 162|0x00000000abe00000, 0x00000000abe00000, 0x00000000abf00000|  0%| F|  |TAMS 0x00000000abe00000, 0x00000000abe00000| Untracked 
| 163|0x00000000abf00000, 0x00000000abf00000, 0x00000000ac000000|  0%| F|  |TAMS 0x00000000abf00000, 0x00000000abf00000| Untracked 
| 164|0x00000000ac000000, 0x00000000ac000000, 0x00000000ac100000|  0%| F|  |TAMS 0x00000000ac000000, 0x00000000ac000000| Untracked 
| 165|0x00000000ac100000, 0x00000000ac100000, 0x00000000ac200000|  0%| F|  |TAMS 0x00000000ac100000, 0x00000000ac100000| Untracked 
| 166|0x00000000ac200000, 0x00000000ac200000, 0x00000000ac300000|  0%| F|  |TAMS 0x00000000ac200000, 0x00000000ac200000| Untracked 
| 167|0x00000000ac300000, 0x00000000ac300000, 0x00000000ac400000|  0%| F|  |TAMS 0x00000000ac300000, 0x00000000ac300000| Untracked 
| 168|0x00000000ac400000, 0x00000000ac400000, 0x00000000ac500000|  0%| F|  |TAMS 0x00000000ac400000, 0x00000000ac400000| Untracked 
| 169|0x00000000ac500000, 0x00000000ac500000, 0x00000000ac600000|  0%| F|  |TAMS 0x00000000ac500000, 0x00000000ac500000| Untracked 
| 170|0x00000000ac600000, 0x00000000ac600000, 0x00000000ac700000|  0%| F|  |TAMS 0x00000000ac600000, 0x00000000ac600000| Untracked 
| 171|0x00000000ac700000, 0x00000000ac700000, 0x00000000ac800000|  0%| F|  |TAMS 0x00000000ac700000, 0x00000000ac700000| Untracked 
| 172|0x00000000ac800000, 0x00000000ac800000, 0x00000000ac900000|  0%| F|  |TAMS 0x00000000ac800000, 0x00000000ac800000| Untracked 
| 173|0x00000000ac900000, 0x00000000ac900000, 0x00000000aca00000|  0%| F|  |TAMS 0x00000000ac900000, 0x00000000ac900000| Untracked 
| 174|0x00000000aca00000, 0x00000000aca00000, 0x00000000acb00000|  0%| F|  |TAMS 0x00000000aca00000, 0x00000000aca00000| Untracked 
| 175|0x00000000acb00000, 0x00000000acb00000, 0x00000000acc00000|  0%| F|  |TAMS 0x00000000acb00000, 0x00000000acb00000| Untracked 
| 176|0x00000000acc00000, 0x00000000acc00000, 0x00000000acd00000|  0%| F|  |TAMS 0x00000000acc00000, 0x00000000acc00000| Untracked 
| 177|0x00000000acd00000, 0x00000000acd00000, 0x00000000ace00000|  0%| F|  |TAMS 0x00000000acd00000, 0x00000000acd00000| Untracked 
| 178|0x00000000ace00000, 0x00000000ace00000, 0x00000000acf00000|  0%| F|  |TAMS 0x00000000ace00000, 0x00000000ace00000| Untracked 
| 179|0x00000000acf00000, 0x00000000acf00000, 0x00000000ad000000|  0%| F|  |TAMS 0x00000000acf00000, 0x00000000acf00000| Untracked 
| 180|0x00000000ad000000, 0x00000000ad000000, 0x00000000ad100000|  0%| F|  |TAMS 0x00000000ad000000, 0x00000000ad000000| Untracked 
| 181|0x00000000ad100000, 0x00000000ad100000, 0x00000000ad200000|  0%| F|  |TAMS 0x00000000ad100000, 0x00000000ad100000| Untracked 
| 182|0x00000000ad200000, 0x00000000ad200000, 0x00000000ad300000|  0%| F|  |TAMS 0x00000000ad200000, 0x00000000ad200000| Untracked 
| 183|0x00000000ad300000, 0x00000000ad300000, 0x00000000ad400000|  0%| F|  |TAMS 0x00000000ad300000, 0x00000000ad300000| Untracked 
| 184|0x00000000ad400000, 0x00000000ad400000, 0x00000000ad500000|  0%| F|  |TAMS 0x00000000ad400000, 0x00000000ad400000| Untracked 
| 185|0x00000000ad500000, 0x00000000ad552e30, 0x00000000ad600000| 32%| S|CS|TAMS 0x00000000ad500000, 0x00000000ad500000| Complete 
| 186|0x00000000ad600000, 0x00000000ad600000, 0x00000000ad700000|  0%| F|  |TAMS 0x00000000ad600000, 0x00000000ad600000| Untracked 
| 187|0x00000000ad700000, 0x00000000ad700000, 0x00000000ad800000|  0%| F|  |TAMS 0x00000000ad700000, 0x00000000ad700000| Untracked 
| 188|0x00000000ad800000, 0x00000000ad800000, 0x00000000ad900000|  0%| F|  |TAMS 0x00000000ad800000, 0x00000000ad800000| Untracked 
| 189|0x00000000ad900000, 0x00000000ad900000, 0x00000000ada00000|  0%| F|  |TAMS 0x00000000ad900000, 0x00000000ad900000| Untracked 
| 190|0x00000000ada00000, 0x00000000ada00000, 0x00000000adb00000|  0%| F|  |TAMS 0x00000000ada00000, 0x00000000ada00000| Untracked 
| 191|0x00000000adb00000, 0x00000000adb00000, 0x00000000adc00000|  0%| F|  |TAMS 0x00000000adb00000, 0x00000000adb00000| Untracked 
| 192|0x00000000adc00000, 0x00000000adc00000, 0x00000000add00000|  0%| F|  |TAMS 0x00000000adc00000, 0x00000000adc00000| Untracked 
| 193|0x00000000add00000, 0x00000000add00000, 0x00000000ade00000|  0%| F|  |TAMS 0x00000000add00000, 0x00000000add00000| Untracked 
| 194|0x00000000ade00000, 0x00000000ade5c550, 0x00000000adf00000| 36%| E|  |TAMS 0x00000000ade00000, 0x00000000ade00000| Complete 
| 195|0x00000000adf00000, 0x00000000ae000000, 0x00000000ae000000|100%| E|CS|TAMS 0x00000000adf00000, 0x00000000adf00000| Complete 
|1504|0x00000000ffc00000, 0x00000000ffd00000, 0x00000000ffd00000|100%| O|  |TAMS 0x00000000ffc00000, 0x00000000ffc00000| Untracked 
|1505|0x00000000ffd00000, 0x00000000ffe00000, 0x00000000ffe00000|100%| O|  |TAMS 0x00000000ffd00000, 0x00000000ffd00000| Untracked 
|1506|0x00000000ffe00000, 0x00000000fff00000, 0x00000000fff00000|100%| O|  |TAMS 0x00000000ffe00000, 0x00000000ffe00000| Untracked 
|1507|0x00000000fff00000, 0x0000000100000000, 0x0000000100000000|100%| O|  |TAMS 0x00000000fff00000, 0x00000000fff00000| Untracked 

Card table byte_map: [0x00000286cce40000,0x00000286cd140000] _byte_map_base: 0x00000286cc932000

Marking Bits (Prev, Next): (CMBitMap*) 0x00000286b5ff9f10, (CMBitMap*) 0x00000286b5ff9ed0
 Prev Bits: [0x00000286cebd0000, 0x00000286d0360000)
 Next Bits: [0x00000286cd440000, 0x00000286cebd0000)

Polling page: 0x00000286b3f80000

Metaspace:

Usage:
  Non-class:     24.33 MB used.
      Class:      3.19 MB used.
       Both:     27.51 MB used.

Virtual space:
  Non-class space:       32.00 MB reserved,      24.50 MB ( 77%) committed,  4 nodes.
      Class space:        1.00 GB reserved,       3.31 MB ( <1%) committed,  1 nodes.
             Both:        1.03 GB reserved,      27.81 MB (  3%) committed. 

Chunk freelists:
   Non-Class:  2.72 MB
       Class:  640.00 KB
        Both:  3.34 MB

MaxMetaspaceSize: unlimited
CompressedClassSpaceSize: 1.00 GB
Initial GC threshold: 21.00 MB
Current GC threshold: 35.44 MB
CDS: on
MetaspaceReclaimPolicy: balanced
 - commit_granule_bytes: 65536.
 - commit_granule_words: 8192.
 - virtual_space_node_default_size: 1048576.
 - enlarge_chunks_in_place: 1.
 - new_chunks_are_fully_committed: 0.
 - uncommit_free_chunks: 1.
 - use_allocation_guard: 0.
 - handle_deallocations: 1.


Internal statistics:

num_allocs_failed_limit: 3.
num_arena_births: 190.
num_arena_deaths: 0.
num_vsnodes_births: 5.
num_vsnodes_deaths: 0.
num_space_committed: 445.
num_space_uncommitted: 0.
num_chunks_returned_to_freelist: 3.
num_chunks_taken_from_freelist: 1243.
num_chunk_merges: 0.
num_chunk_splits: 838.
num_chunks_enlarged: 653.
num_purges: 0.
num_inconsistent_stats: 0.

CodeHeap 'non-profiled nmethods': size=120000Kb used=3003Kb max_used=3152Kb free=116996Kb
 bounds [0x00000286c52d0000, 0x00000286c5600000, 0x00000286cc800000]
CodeHeap 'profiled nmethods': size=120000Kb used=11031Kb max_used=11978Kb free=108968Kb
 bounds [0x00000286bdda0000, 0x00000286be960000, 0x00000286c52d0000]
CodeHeap 'non-nmethods': size=5760Kb used=1215Kb max_used=1251Kb free=4544Kb
 bounds [0x00000286bd800000, 0x00000286bda70000, 0x00000286bdda0000]
 total_blobs=5831 nmethods=5315 adapters=428
 compilation: enabled
              stopped_count=0, restarted_count=0
 full_count=0

Compilation events (20 events):
Event: 11.008 Thread 0x00000286d2d7c4c0 nmethod 6128 0x00000286be70e410 code [0x00000286be70ec20, 0x00000286be714968]
Event: 11.008 Thread 0x00000286d2d7c4c0 6133       3       java.util.Collections$EmptyList::toArray (5 bytes)
Event: 11.008 Thread 0x00000286d2d7c4c0 nmethod 6133 0x00000286bdfe6f90 code [0x00000286bdfe7120, 0x00000286bdfe72d8]
Event: 11.008 Thread 0x00000286d2d7c4c0 6135       3       java.util.IdentityHashMap::unmaskNull (13 bytes)
Event: 11.008 Thread 0x00000286d2d7c4c0 nmethod 6135 0x00000286be3f9d10 code [0x00000286be3f9ea0, 0x00000286be3f9ff8]
Event: 11.008 Thread 0x00000286d2d7c4c0 6130       1       lombok.javac.HandlerLibrary$VisitorContainer::getPriority (5 bytes)
Event: 11.008 Thread 0x00000286d2d7c4c0 nmethod 6130 0x00000286c54a2510 code [0x00000286c54a26a0, 0x00000286c54a2778]
Event: 11.009 Thread 0x00000286d46de960 nmethod 6116 0x00000286c54a1f10 code [0x00000286c54a2080, 0x00000286c54a2398]
Event: 11.009 Thread 0x00000286d46de960 6095       4       java.util.IdentityHashMap::nextKeyIndex (15 bytes)
Event: 11.010 Thread 0x00000286d46de960 nmethod 6095 0x00000286c54a1c10 code [0x00000286c54a1d80, 0x00000286c54a1df8]
Event: 11.010 Thread 0x00000286d46de960 6134       4       lombok.core.LombokImmutableList$1::next (43 bytes)
Event: 11.010 Thread 0x00000286d46de960 nmethod 6134 0x00000286c54a1810 code [0x00000286c54a1980, 0x00000286c54a1a58]
Event: 11.029 Thread 0x00000286d2d7c4c0 6136   !   3       sun.net.www.protocol.jar.JarFileFactory::getCachedJarFile (149 bytes)
Event: 11.030 Thread 0x00000286d2d7c4c0 nmethod 6136 0x00000286be2ed510 code [0x00000286be2ed7c0, 0x00000286be2ee7a8]
Event: 11.030 Thread 0x00000286d2d7c4c0 6139       3       java.util.regex.Pattern::escape (1327 bytes)
Event: 12.053 Thread 0x00000286d2d7c4c0 nmethod 6139 0x00000286be366510 code [0x00000286be367080, 0x00000286be36e338]
Event: 12.053 Thread 0x00000286d2d7c4c0 6137   !   3       sun.net.www.protocol.jar.JarFileFactory::cacheIfAbsent (90 bytes)
Event: 12.054 Thread 0x00000286d2d7c4c0 nmethod 6137 0x00000286bde11610 code [0x00000286bde11820, 0x00000286bde12008]
Event: 12.054 Thread 0x00000286d2d7c4c0 6138   !   3       sun.net.www.protocol.jar.JarFileFactory::getConnection (40 bytes)
Event: 12.054 Thread 0x00000286d2d7c4c0 nmethod 6138 0x00000286be0e8890 code [0x00000286be0e8a80, 0x00000286be0e9098]

GC Heap History (18 events):
Event: 1.054 GC heap before
{Heap before GC invocations=0 (full 0):
 garbage-first heap   total 98304K, used 23552K [0x00000000a1c00000, 0x0000000100000000)
  region size 1024K, 23 young (23552K), 0 survivors (0K)
 Metaspace       used 5402K, committed 5568K, reserved 1056768K
  class space    used 649K, committed 768K, reserved 1048576K
}
Event: 1.063 GC heap after
{Heap after GC invocations=1 (full 0):
 garbage-first heap   total 98304K, used 3672K [0x00000000a1c00000, 0x0000000100000000)
  region size 1024K, 3 young (3072K), 3 survivors (3072K)
 Metaspace       used 5402K, committed 5568K, reserved 1056768K
  class space    used 649K, committed 768K, reserved 1048576K
}
Event: 1.910 GC heap before
{Heap before GC invocations=1 (full 0):
 garbage-first heap   total 98304K, used 34392K [0x00000000a1c00000, 0x0000000100000000)
  region size 1024K, 33 young (33792K), 3 survivors (3072K)
 Metaspace       used 9389K, committed 9600K, reserved 1064960K
  class space    used 1134K, committed 1216K, reserved 1048576K
}
Event: 1.919 GC heap after
{Heap after GC invocations=2 (full 0):
 garbage-first heap   total 98304K, used 5403K [0x00000000a1c00000, 0x0000000100000000)
  region size 1024K, 2 young (2048K), 2 survivors (2048K)
 Metaspace       used 9389K, committed 9600K, reserved 1064960K
  class space    used 1134K, committed 1216K, reserved 1048576K
}
Event: 3.711 GC heap before
{Heap before GC invocations=2 (full 0):
 garbage-first heap   total 98304K, used 61723K [0x00000000a1c00000, 0x0000000100000000)
  region size 1024K, 57 young (58368K), 2 survivors (2048K)
 Metaspace       used 15070K, committed 15296K, reserved 1064960K
  class space    used 1812K, committed 1920K, reserved 1048576K
}
Event: 3.732 GC heap after
{Heap after GC invocations=3 (full 0):
 garbage-first heap   total 98304K, used 12023K [0x00000000a1c00000, 0x0000000100000000)
  region size 1024K, 8 young (8192K), 8 survivors (8192K)
 Metaspace       used 15070K, committed 15296K, reserved 1064960K
  class space    used 1812K, committed 1920K, reserved 1048576K
}
Event: 5.204 GC heap before
{Heap before GC invocations=3 (full 0):
 garbage-first heap   total 98304K, used 62199K [0x00000000a1c00000, 0x0000000100000000)
  region size 1024K, 57 young (58368K), 8 survivors (8192K)
 Metaspace       used 15895K, committed 16128K, reserved 1064960K
  class space    used 1853K, committed 1920K, reserved 1048576K
}
Event: 5.229 GC heap after
{Heap after GC invocations=4 (full 0):
 garbage-first heap   total 98304K, used 15022K [0x00000000a1c00000, 0x0000000100000000)
  region size 1024K, 3 young (3072K), 3 survivors (3072K)
 Metaspace       used 15895K, committed 16128K, reserved 1064960K
  class space    used 1853K, committed 1920K, reserved 1048576K
}
Event: 7.069 GC heap before
{Heap before GC invocations=4 (full 0):
 garbage-first heap   total 98304K, used 65198K [0x00000000a1c00000, 0x0000000100000000)
  region size 1024K, 48 young (49152K), 3 survivors (3072K)
 Metaspace       used 21132K, committed 21504K, reserved 1073152K
  class space    used 2505K, committed 2688K, reserved 1048576K
}
Event: 7.084 GC heap after
{Heap after GC invocations=5 (full 0):
 garbage-first heap   total 98304K, used 23552K [0x00000000a1c00000, 0x0000000100000000)
  region size 1024K, 7 young (7168K), 7 survivors (7168K)
 Metaspace       used 21132K, committed 21504K, reserved 1073152K
  class space    used 2505K, committed 2688K, reserved 1048576K
}
Event: 8.966 GC heap before
{Heap before GC invocations=6 (full 0):
 garbage-first heap   total 81920K, used 65536K [0x00000000a1c00000, 0x0000000100000000)
  region size 1024K, 48 young (49152K), 7 survivors (7168K)
 Metaspace       used 25827K, committed 26176K, reserved 1073152K
  class space    used 3025K, committed 3200K, reserved 1048576K
}
Event: 8.999 GC heap after
{Heap after GC invocations=7 (full 0):
 garbage-first heap   total 86016K, used 36192K [0x00000000a1c00000, 0x0000000100000000)
  region size 1024K, 6 young (6144K), 6 survivors (6144K)
 Metaspace       used 25827K, committed 26176K, reserved 1073152K
  class space    used 3025K, committed 3200K, reserved 1048576K
}
Event: 9.006 GC heap before
{Heap before GC invocations=7 (full 0):
 garbage-first heap   total 86016K, used 37216K [0x00000000a1c00000, 0x0000000100000000)
  region size 1024K, 7 young (7168K), 6 survivors (6144K)
 Metaspace       used 25828K, committed 26176K, reserved 1073152K
  class space    used 3025K, committed 3200K, reserved 1048576K
}
Event: 9.021 GC heap after
{Heap after GC invocations=8 (full 0):
 garbage-first heap   total 86016K, used 37888K [0x00000000a1c00000, 0x0000000100000000)
  region size 1024K, 1 young (1024K), 1 survivors (1024K)
 Metaspace       used 25828K, committed 26176K, reserved 1073152K
  class space    used 3025K, committed 3200K, reserved 1048576K
}
Event: 9.967 GC heap before
{Heap before GC invocations=8 (full 0):
 garbage-first heap   total 86016K, used 62464K [0x00000000a1c00000, 0x0000000100000000)
  region size 1024K, 26 young (26624K), 1 survivors (1024K)
 Metaspace       used 27216K, committed 27584K, reserved 1081344K
  class space    used 3162K, committed 3328K, reserved 1048576K
}
Event: 10.678 GC heap after
{Heap after GC invocations=9 (full 0):
 garbage-first heap   total 204800K, used 39392K [0x00000000a1c00000, 0x0000000100000000)
  region size 1024K, 3 young (3072K), 3 survivors (3072K)
 Metaspace       used 27216K, committed 27584K, reserved 1081344K
  class space    used 3162K, committed 3328K, reserved 1048576K
}
Event: 10.837 GC heap before
{Heap before GC invocations=9 (full 0):
 garbage-first heap   total 204800K, used 45536K [0x00000000a1c00000, 0x0000000100000000)
  region size 1024K, 10 young (10240K), 3 survivors (3072K)
 Metaspace       used 27584K, committed 27968K, reserved 1081344K
  class space    used 3201K, committed 3392K, reserved 1048576K
}
Event: 10.840 GC heap after
{Heap after GC invocations=10 (full 0):
 garbage-first heap   total 204800K, used 39787K [0x00000000a1c00000, 0x0000000100000000)
  region size 1024K, 1 young (1024K), 1 survivors (1024K)
 Metaspace       used 27584K, committed 27968K, reserved 1081344K
  class space    used 3201K, committed 3392K, reserved 1048576K
}

Deoptimization events (20 events):
Event: 10.928 Thread 0x00000286b5fc13e0 Uncommon trap: trap_request=0xffffffde fr.pc=0x00000286c5487bc0 relative=0x00000000000004a0
Event: 10.928 Thread 0x00000286b5fc13e0 Uncommon trap: reason=class_check action=maybe_recompile pc=0x00000286c5487bc0 method=java.util.Collections$UnmodifiableMap$UnmodifiableEntrySet$1.next()Ljava/util/Map$Entry; @ 8 c2
Event: 10.928 Thread 0x00000286b5fc13e0 DEOPT PACKING pc=0x00000286c5487bc0 sp=0x000000ca63efc530
Event: 10.928 Thread 0x00000286b5fc13e0 DEOPT UNPACKING pc=0x00000286bd8523a3 sp=0x000000ca63efc498 mode 2
Event: 10.928 Thread 0x00000286b5fc13e0 Uncommon trap: trap_request=0xffffffde fr.pc=0x00000286c54a29e8 relative=0x0000000000000068
Event: 10.928 Thread 0x00000286b5fc13e0 Uncommon trap: reason=class_check action=maybe_recompile pc=0x00000286c54a29e8 method=java.util.Collections$UnmodifiableMap$UnmodifiableEntrySet$UnmodifiableEntry.getKey()Ljava/lang/Object; @ 4 c2
Event: 10.928 Thread 0x00000286b5fc13e0 DEOPT PACKING pc=0x00000286c54a29e8 sp=0x000000ca63efc580
Event: 10.928 Thread 0x00000286b5fc13e0 DEOPT UNPACKING pc=0x00000286bd8523a3 sp=0x000000ca63efc508 mode 2
Event: 10.928 Thread 0x00000286b5fc13e0 Uncommon trap: trap_request=0xffffffde fr.pc=0x00000286c54a2ce8 relative=0x0000000000000068
Event: 10.928 Thread 0x00000286b5fc13e0 Uncommon trap: reason=class_check action=maybe_recompile pc=0x00000286c54a2ce8 method=java.util.Collections$UnmodifiableMap$UnmodifiableEntrySet$UnmodifiableEntry.getValue()Ljava/lang/Object; @ 4 c2
Event: 10.928 Thread 0x00000286b5fc13e0 DEOPT PACKING pc=0x00000286c54a2ce8 sp=0x000000ca63efc580
Event: 10.928 Thread 0x00000286b5fc13e0 DEOPT UNPACKING pc=0x00000286bd8523a3 sp=0x000000ca63efc508 mode 2
Event: 10.966 Thread 0x00000286b5fc13e0 DEOPT PACKING pc=0x00000286be1431d9 sp=0x000000ca63efccb0
Event: 10.966 Thread 0x00000286b5fc13e0 DEOPT UNPACKING pc=0x00000286bd852b43 sp=0x000000ca63efc1a8 mode 0
Event: 11.000 Thread 0x00000286b5fc13e0 DEOPT PACKING pc=0x00000286be1431d9 sp=0x000000ca63efccb0
Event: 11.000 Thread 0x00000286b5fc13e0 DEOPT UNPACKING pc=0x00000286bd852b43 sp=0x000000ca63efc1a8 mode 0
Event: 11.029 Thread 0x00000286b5fc13e0 Uncommon trap: trap_request=0xffffff45 fr.pc=0x00000286c541b1d8 relative=0x0000000000000058
Event: 11.029 Thread 0x00000286b5fc13e0 Uncommon trap: reason=unstable_if action=reinterpret pc=0x00000286c541b1d8 method=java.util.regex.Pattern.has(I)Z @ 6 c2
Event: 11.030 Thread 0x00000286b5fc13e0 DEOPT PACKING pc=0x00000286c541b1d8 sp=0x000000ca63efbc70
Event: 11.030 Thread 0x00000286b5fc13e0 DEOPT UNPACKING pc=0x00000286bd8523a3 sp=0x000000ca63efbc00 mode 2

Classes unloaded (0 events):
No events

Classes redefined (0 events):
No events

Internal exceptions (20 events):
Event: 9.119 Thread 0x00000286b5fc13e0 Exception <a 'sun/nio/fs/WindowsException'{0x00000000a64d4370}> (0x00000000a64d4370) 
thrown [t:\workspace\open\src\hotspot\share\prims\jni.cpp, line 516]
Event: 9.119 Thread 0x00000286b5fc13e0 Exception <a 'sun/nio/fs/WindowsException'{0x00000000a64d46f0}> (0x00000000a64d46f0) 
thrown [t:\workspace\open\src\hotspot\share\prims\jni.cpp, line 516]
Event: 9.119 Thread 0x00000286b5fc13e0 Exception <a 'sun/nio/fs/WindowsException'{0x00000000a64dfe80}> (0x00000000a64dfe80) 
thrown [t:\workspace\open\src\hotspot\share\prims\jni.cpp, line 516]
Event: 9.119 Thread 0x00000286b5fc13e0 Exception <a 'sun/nio/fs/WindowsException'{0x00000000a64e01b0}> (0x00000000a64e01b0) 
thrown [t:\workspace\open\src\hotspot\share\prims\jni.cpp, line 516]
Event: 9.120 Thread 0x00000286b5fc13e0 Exception <a 'sun/nio/fs/WindowsException'{0x00000000a6300800}> (0x00000000a6300800) 
thrown [t:\workspace\open\src\hotspot\share\prims\jni.cpp, line 516]
Event: 9.120 Thread 0x00000286b5fc13e0 Exception <a 'sun/nio/fs/WindowsException'{0x00000000a6300b78}> (0x00000000a6300b78) 
thrown [t:\workspace\open\src\hotspot\share\prims\jni.cpp, line 516]
Event: 9.135 Thread 0x00000286b5fc13e0 Exception <a 'sun/nio/fs/WindowsException'{0x00000000a6362f18}> (0x00000000a6362f18) 
thrown [t:\workspace\open\src\hotspot\share\prims\jni.cpp, line 516]
Event: 9.135 Thread 0x00000286b5fc13e0 Exception <a 'sun/nio/fs/WindowsException'{0x00000000a6363270}> (0x00000000a6363270) 
thrown [t:\workspace\open\src\hotspot\share\prims\jni.cpp, line 516]
Event: 9.136 Thread 0x00000286b5fc13e0 Exception <a 'sun/nio/fs/WindowsException'{0x00000000a6372480}> (0x00000000a6372480) 
thrown [t:\workspace\open\src\hotspot\share\prims\jni.cpp, line 516]
Event: 9.136 Thread 0x00000286b5fc13e0 Exception <a 'sun/nio/fs/WindowsException'{0x00000000a6372780}> (0x00000000a6372780) 
thrown [t:\workspace\open\src\hotspot\share\prims\jni.cpp, line 516]
Event: 9.137 Thread 0x00000286b5fc13e0 Exception <a 'sun/nio/fs/WindowsException'{0x00000000a639f648}> (0x00000000a639f648) 
thrown [t:\workspace\open\src\hotspot\share\prims\jni.cpp, line 516]
Event: 9.137 Thread 0x00000286b5fc13e0 Exception <a 'sun/nio/fs/WindowsException'{0x00000000a639f998}> (0x00000000a639f998) 
thrown [t:\workspace\open\src\hotspot\share\prims\jni.cpp, line 516]
Event: 9.142 Thread 0x00000286b5fc13e0 Exception <a 'sun/nio/fs/WindowsException'{0x00000000a63ade68}> (0x00000000a63ade68) 
thrown [t:\workspace\open\src\hotspot\share\prims\jni.cpp, line 516]
Event: 9.142 Thread 0x00000286b5fc13e0 Exception <a 'sun/nio/fs/WindowsException'{0x00000000a63ae1d8}> (0x00000000a63ae1d8) 
thrown [t:\workspace\open\src\hotspot\share\prims\jni.cpp, line 516]
Event: 9.142 Thread 0x00000286b5fc13e0 Exception <a 'sun/nio/fs/WindowsException'{0x00000000a63b24e0}> (0x00000000a63b24e0) 
thrown [t:\workspace\open\src\hotspot\share\prims\jni.cpp, line 516]
Event: 9.142 Thread 0x00000286b5fc13e0 Exception <a 'sun/nio/fs/WindowsException'{0x00000000a63b2800}> (0x00000000a63b2800) 
thrown [t:\workspace\open\src\hotspot\share\prims\jni.cpp, line 516]
Event: 9.143 Thread 0x00000286b5fc13e0 Exception <a 'sun/nio/fs/WindowsException'{0x00000000a63bcae8}> (0x00000000a63bcae8) 
thrown [t:\workspace\open\src\hotspot\share\prims\jni.cpp, line 516]
Event: 9.143 Thread 0x00000286b5fc13e0 Exception <a 'sun/nio/fs/WindowsException'{0x00000000a63bce48}> (0x00000000a63bce48) 
thrown [t:\workspace\open\src\hotspot\share\prims\jni.cpp, line 516]
Event: 9.330 Thread 0x00000286b5fc13e0 Implicit null exception at 0x00000286c5416830 to 0x00000286c5416c2c
Event: 9.355 Thread 0x00000286b5fc13e0 Implicit null exception at 0x00000286c54c65ea to 0x00000286c54c67c0

VM Operations (20 events):
Event: 8.966 Executing VM operation: G1CollectForAllocation
Event: 8.999 Executing VM operation: G1CollectForAllocation done
Event: 9.005 Executing VM operation: G1CollectForAllocation
Event: 9.021 Executing VM operation: G1CollectForAllocation done
Event: 9.068 Executing VM operation: HandshakeAllThreads
Event: 9.068 Executing VM operation: HandshakeAllThreads done
Event: 9.176 Executing VM operation: HandshakeAllThreads
Event: 9.176 Executing VM operation: HandshakeAllThreads done
Event: 9.208 Executing VM operation: ICBufferFull
Event: 9.208 Executing VM operation: ICBufferFull done
Event: 9.824 Executing VM operation: ICBufferFull
Event: 9.824 Executing VM operation: ICBufferFull done
Event: 9.836 Executing VM operation: ICBufferFull
Event: 9.837 Executing VM operation: ICBufferFull done
Event: 9.966 Executing VM operation: G1CollectForAllocation
Event: 10.678 Executing VM operation: G1CollectForAllocation done
Event: 10.837 Executing VM operation: G1CollectForAllocation
Event: 10.840 Executing VM operation: G1CollectForAllocation done
Event: 11.843 Executing VM operation: Cleanup
Event: 11.843 Executing VM operation: Cleanup done

Events (20 events):
Event: 9.796 loading class java/util/regex/Pattern$LookBehindEndNode done
Event: 9.796 loading class java/util/regex/Pattern$NotBehind
Event: 9.796 loading class java/util/regex/Pattern$NotBehind done
Event: 9.847 loading class java/util/Vector$1
Event: 9.847 loading class java/util/Vector$1 done
Event: 9.855 loading class java/io/PushbackInputStream
Event: 9.856 loading class java/io/PushbackInputStream done
Event: 10.693 Thread 0x00000286d46de960 Thread exited: 0x00000286d46de960
Event: 10.693 Thread 0x00000286d6b4d030 Thread exited: 0x00000286d6b4d030
Event: 10.865 loading class java/util/Collections$UnmodifiableSortedSet
Event: 10.866 loading class java/util/Collections$UnmodifiableSortedSet done
Event: 10.875 loading class java/util/IdentityHashMap$EntrySet
Event: 10.875 loading class java/util/IdentityHashMap$EntrySet done
Event: 10.876 loading class java/util/IdentityHashMap$EntryIterator
Event: 10.876 loading class java/util/IdentityHashMap$EntryIterator done
Event: 10.876 loading class java/util/IdentityHashMap$EntryIterator$Entry
Event: 10.876 loading class java/util/IdentityHashMap$EntryIterator$Entry done
Event: 11.001 Thread 0x00000286d46de960 Thread added: 0x00000286d46de960
Event: 11.030 loading class java/util/regex/Pattern$SliceI
Event: 11.030 loading class java/util/regex/Pattern$SliceI done


Dynamic libraries:
0x00007ff7e0f00000 - 0x00007ff7e0f0e000 	C:\Program Files\Java\jdk-17.0.2\bin\java.exe
0x00007ffc18120000 - 0x00007ffc18388000 	C:\WINDOWS\SYSTEM32\ntdll.dll
0x00007ffc16de0000 - 0x00007ffc16ea9000 	C:\WINDOWS\System32\KERNEL32.DLL
0x00007ffc158d0000 - 0x00007ffc15cc1000 	C:\WINDOWS\System32\KERNELBASE.dll
0x00007ffc14a00000 - 0x00007ffc14b4b000 	C:\WINDOWS\System32\ucrtbase.dll
0x00007ffc0d370000 - 0x00007ffc0d388000 	C:\Program Files\Java\jdk-17.0.2\bin\jli.dll
0x00007ffc0d350000 - 0x00007ffc0d36a000 	C:\Program Files\Java\jdk-17.0.2\bin\VCRUNTIME140.dll
0x00007ffc16830000 - 0x00007ffc169f6000 	C:\WINDOWS\System32\USER32.dll
0x00007ffc01fb0000 - 0x00007ffc02243000 	C:\WINDOWS\WinSxS\amd64_microsoft.windows.common-controls_6595b64144ccf1df_6.0.26100.7824_none_3e0870b2e3345462\COMCTL32.dll
0x00007ffc15e00000 - 0x00007ffc15e27000 	C:\WINDOWS\System32\win32u.dll
0x00007ffc17130000 - 0x00007ffc171d9000 	C:\WINDOWS\System32\msvcrt.dll
0x00007ffc172f0000 - 0x00007ffc1731b000 	C:\WINDOWS\System32\GDI32.dll
0x00007ffc15cd0000 - 0x00007ffc15dfb000 	C:\WINDOWS\System32\gdi32full.dll
0x00007ffc15760000 - 0x00007ffc15803000 	C:\WINDOWS\System32\msvcp_win.dll
0x00007ffc16da0000 - 0x00007ffc16dd1000 	C:\WINDOWS\System32\IMM32.DLL
0x00007ffc0de60000 - 0x00007ffc0de6c000 	C:\Program Files\Java\jdk-17.0.2\bin\vcruntime140_1.dll
0x00007ffbe6b20000 - 0x00007ffbe6bad000 	C:\Program Files\Java\jdk-17.0.2\bin\msvcp140.dll
0x00007ffba40b0000 - 0x00007ffba4c71000 	C:\Program Files\Java\jdk-17.0.2\bin\server\jvm.dll
0x00007ffc15ec0000 - 0x00007ffc15f74000 	C:\WINDOWS\System32\ADVAPI32.dll
0x00007ffc17bd0000 - 0x00007ffc17c76000 	C:\WINDOWS\System32\sechost.dll
0x00007ffc17350000 - 0x00007ffc17468000 	C:\WINDOWS\System32\RPCRT4.dll
0x00007ffc16d90000 - 0x00007ffc16d98000 	C:\WINDOWS\System32\PSAPI.DLL
0x00007ffbf9190000 - 0x00007ffbf919a000 	C:\WINDOWS\SYSTEM32\WSOCK32.dll
0x00007ffc0b840000 - 0x00007ffc0b875000 	C:\WINDOWS\SYSTEM32\WINMM.dll
0x00007ffc0b880000 - 0x00007ffc0b88b000 	C:\WINDOWS\SYSTEM32\VERSION.dll
0x00007ffc17d70000 - 0x00007ffc17de4000 	C:\WINDOWS\System32\WS2_32.dll
0x00007ffc13760000 - 0x00007ffc1377b000 	C:\WINDOWS\SYSTEM32\kernel.appcore.dll
0x00007ffc037b0000 - 0x00007ffc037ba000 	C:\Program Files\Java\jdk-17.0.2\bin\jimage.dll
0x00007ffc12bf0000 - 0x00007ffc12e32000 	C:\WINDOWS\SYSTEM32\DBGHELP.DLL
0x00007ffc16a00000 - 0x00007ffc16d86000 	C:\WINDOWS\System32\combase.dll
0x00007ffc17210000 - 0x00007ffc172e7000 	C:\WINDOWS\System32\OLEAUT32.dll
0x00007ffc05340000 - 0x00007ffc0537b000 	C:\WINDOWS\SYSTEM32\dbgcore.DLL
0x00007ffc14e40000 - 0x00007ffc14ee5000 	C:\WINDOWS\System32\bcryptPrimitives.dll
0x00007ffbf39d0000 - 0x00007ffbf39f5000 	C:\Program Files\Java\jdk-17.0.2\bin\java.dll
0x00007ffbc52d0000 - 0x00007ffbc53a6000 	C:\Program Files\Java\jdk-17.0.2\bin\jsvml.dll
0x00007ffc17470000 - 0x00007ffc17bc2000 	C:\WINDOWS\System32\SHELL32.dll
0x00007ffc14cd0000 - 0x00007ffc14e3a000 	C:\WINDOWS\System32\wintypes.dll
0x00007ffc14ef0000 - 0x00007ffc15753000 	C:\WINDOWS\System32\windows.storage.dll
0x00007ffc17df0000 - 0x00007ffc17ee6000 	C:\WINDOWS\System32\SHCORE.dll
0x00007ffc16010000 - 0x00007ffc16077000 	C:\WINDOWS\System32\shlwapi.dll
0x00007ffc14920000 - 0x00007ffc14949000 	C:\WINDOWS\SYSTEM32\profapi.dll
0x00007ffc028d0000 - 0x00007ffc028e9000 	C:\Program Files\Java\jdk-17.0.2\bin\net.dll
0x00007ffc0e250000 - 0x00007ffc0e377000 	C:\WINDOWS\SYSTEM32\WINHTTP.dll
0x00007ffc13cb0000 - 0x00007ffc13d1b000 	C:\WINDOWS\system32\mswsock.dll
0x00007ffc02810000 - 0x00007ffc02826000 	C:\Program Files\Java\jdk-17.0.2\bin\nio.dll
0x00007ffbf51a0000 - 0x00007ffbf51b8000 	C:\Program Files\Java\jdk-17.0.2\bin\zip.dll
0x00007ffbf2d50000 - 0x00007ffbf2d74000 	C:\Program Files\apache-maven-3.9.12-bin\apache-maven-3.9.12\lib\jansi-native\Windows\x86_64\jansi.dll
0x00007ffc0d310000 - 0x00007ffc0d320000 	C:\Program Files\Java\jdk-17.0.2\bin\verify.dll

dbghelp: loaded successfully - version: 4.0.5 - missing functions: none
symbol engine: initialized successfully - sym options: 0x614 - pdb path: .;C:\Program Files\Java\jdk-17.0.2\bin;C:\WINDOWS\SYSTEM32;C:\WINDOWS\WinSxS\amd64_microsoft.windows.common-controls_6595b64144ccf1df_6.0.26100.7824_none_3e0870b2e3345462;C:\Program Files\Java\jdk-17.0.2\bin\server;C:\Program Files\apache-maven-3.9.12-bin\apache-maven-3.9.12\lib\jansi-native\Windows\x86_64

VM Arguments:
jvm_args: --enable-native-access=ALL-UNNAMED -Dclassworlds.conf=C:\Program Files\apache-maven-3.9.12-bin\apache-maven-3.9.12\bin\m2.conf -Dmaven.home=C:\Program Files\apache-maven-3.9.12-bin\apache-maven-3.9.12 -Dlibrary.jansi.path=C:\Program Files\apache-maven-3.9.12-bin\apache-maven-3.9.12\lib\jansi-native -Dmaven.multiModuleProjectDirectory=C:\Users\ABC\Desktop\LIDA\Spring\backend 
java_command: org.codehaus.plexus.classworlds.launcher.Launcher clean install
java_class_path (initial): C:\Program Files\apache-maven-3.9.12-bin\apache-maven-3.9.12\boot\plexus-classworlds-2.9.0.jar
Launcher Type: SUN_STANDARD

[Global flags]
     intx CICompilerCount                          = 4                                         {product} {ergonomic}
     uint ConcGCThreads                            = 2                                         {product} {ergonomic}
     uint G1ConcRefinementThreads                  = 8                                         {product} {ergonomic}
   size_t G1HeapRegionSize                         = 1048576                                   {product} {ergonomic}
    uintx GCDrainStackTargetSize                   = 64                                        {product} {ergonomic}
   size_t InitialHeapSize                          = 100663296                                 {product} {ergonomic}
   size_t MarkStackSize                            = 4194304                                   {product} {ergonomic}
   size_t MaxHeapSize                              = 1581252608                                {product} {ergonomic}
   size_t MaxNewSize                               = 947912704                                 {product} {ergonomic}
   size_t MinHeapDeltaBytes                        = 1048576                                   {product} {ergonomic}
   size_t MinHeapSize                              = 8388608                                   {product} {ergonomic}
    uintx NonNMethodCodeHeapSize                   = 5839372                                {pd product} {ergonomic}
    uintx NonProfiledCodeHeapSize                  = 122909434                              {pd product} {ergonomic}
    uintx ProfiledCodeHeapSize                     = 122909434                              {pd product} {ergonomic}
    uintx ReservedCodeCacheSize                    = 251658240                              {pd product} {ergonomic}
     bool SegmentedCodeCache                       = true                                      {product} {ergonomic}
   size_t SoftMaxHeapSize                          = 1581252608                             {manageable} {ergonomic}
     bool UseCompressedClassPointers               = true                           {product lp64_product} {ergonomic}
     bool UseCompressedOops                        = true                           {product lp64_product} {ergonomic}
     bool UseG1GC                                  = true                                      {product} {ergonomic}
     bool UseLargePagesIndividualAllocation        = false                                  {pd product} {ergonomic}

Logging:
Log output configuration:
 #0: stdout all=warning uptime,level,tags
 #1: stderr all=off uptime,level,tags

Environment Variables:
JAVA_HOME=C:\Program Files\Java\jdk-17.0.2
PATH=C:\Python313\Scripts\;C:\Python313\;C:\Program Files\Common Files\Oracle\Java\javapath;C:\WINDOWS\system32;C:\WINDOWS;C:\WINDOWS\System32\Wbem;C:\WINDOWS\System32\WindowsPowerShell\v1.0\;C:\WINDOWS\System32\OpenSSH\;C:\src\flutter\bin;C:\Program Files\Git\cmd;C:\ProgramData\chocolatey\bin;C:\Program Files\Microsoft SQL Server\150\Tools\Binn\;C:\Program Files\nodejs\;C:\platform-tools;C:\platform-tools\scrcpy-win64-v3.3.3;C:\Windows\System32;C:\Program Files\MySQL\MySQL Server 8.0\bin;C:\Program Files\apache-maven-3.9.12-bin\apache-maven-3.9.12\bin;C:\Program Files\Arduino PLC IDE Tools\;C:\Users\ABC\AppData\Local\Microsoft\WindowsApps;C:\src\flutter\bin;C:\Users\ABC\AppData\Local\Pub\Cache\bin;C:\Users\ABC\AppData\Roaming\npm;C:\Users\ABC\AppData\Local\Programs\Microsoft VS Code\bin;C:\Program Files\Java\jdk-17.0.2\bin;C:\Program Files\JetBrains\IntelliJ IDEA 2025.3.3\bin
USERNAME=ABC
OS=Windows_NT
PROCESSOR_IDENTIFIER=AMD64 Family 23 Model 24 Stepping 1, AuthenticAMD



---------------  S Y S T E M  ---------------

OS:
 Windows 11 , 64 bit Build 26100 (10.0.26100.7705)
OS uptime: 1 days 21:27 hours
Hyper-V role detected

CPU: total 8 (initial active 8) (8 cores per cpu, 2 threads per core) family 23 model 24 stepping 1 microcode 0x8108102, cx8, cmov, fxsr, ht, mmx, 3dnowpref, sse, sse2, sse3, ssse3, sse4a, sse4.1, sse4.2, popcnt, lzcnt, tsc, tscinvbit, avx, avx2, aes, clmul, bmi1, bmi2, adx, sha, fma, vzeroupper, clflush, clflushopt, hv

Memory: 4k page, system-wide physical 6029M (681M free)
TotalPageFile size 24461M (AvailPageFile size 4M)
current process WorkingSet (physical memory assigned to process): 219M, peak: 229M
current process commit charge ("private bytes"): 366M, peak: 375M

vm_info: OpenJDK 64-Bit Server VM (17.0.2+8-86) for windows-amd64 JRE (17.0.2+8-86), built on Dec  7 2021 21:49:10 by "mach5one" with MS VC++ 16.8 / 16.9 (VS2019)

END.
